#0 building with "multi-builder" instance using docker-container driver

#1 [internal] load build definition from Dockerfile
#1 transferring dockerfile: 418B 0.0s done
#1 DONE 0.0s

#2 [internal] load metadata for docker.io/library/eclipse-temurin:17-jdk-focal
#2 ...

#3 [auth] library/eclipse-temurin:pull token for registry-1.docker.io
#3 DONE 0.0s

#2 [internal] load metadata for docker.io/library/eclipse-temurin:17-jdk-focal
#2 DONE 2.4s

#4 [internal] load .dockerignore
#4 transferring context: 2B 0.0s done
#4 DONE 0.0s

#5 [builder 1/8] FROM docker.io/library/eclipse-temurin:17-jdk-focal@sha256:04d90ec0ecd1e66ace9e846cbcfd8f6cd43e3dd7c29657adab7cc4a5eadc4304
#5 resolve docker.io/library/eclipse-temurin:17-jdk-focal@sha256:04d90ec0ecd1e66ace9e846cbcfd8f6cd43e3dd7c29657adab7cc4a5eadc4304 done
#5 DONE 0.0s

#6 [internal] load build context
#6 transferring context: 22.54kB 2.8s done
#6 DONE 2.8s

#7 [builder 5/8] COPY settings.gradle .
#7 CACHED

#8 [builder 6/8] COPY src ./src
#8 CACHED

#9 [builder 7/8] RUN chmod +x gradlew
#9 CACHED

#10 [builder 3/8] COPY gradlew .
#10 CACHED

#11 [stage-1 2/3] WORKDIR /app
#11 CACHED

#12 [builder 2/8] COPY gradle/ gradle/
#12 CACHED

#13 [builder 4/8] COPY build.gradle .
#13 CACHED

#14 [builder 8/8] RUN ./gradlew clean build
#14 CACHED

#15 [stage-1 3/3] COPY --from=builder /build/libs/e-commerce-0.0.1-SNAPSHOT.jar /app/app.jar
#15 CACHED
WARNING: No output specified with docker-container driver. Build result will only remain in the build cache. To push result image into registry use --push or to load image into docker use --load
WARNING: buildx: failed to read current commit information with git rev-parse --is-inside-work-tree
